<?xml version="1.0" encoding="UTF-8"?>
<!-- Generated by org.testng.reporters.JUnitXMLReporter -->
<testsuite hostname="LAPTOP-KFK3ABT0" failures="3" tests="3" name="Test" time="3.89" errors="0" timestamp="13 Mar 2024 18:15:00 GMT">
  <testcase classname="com.ohrm.tests.LoginTest" name="loginTest_MissingCreds" time="0.707">
    <failure type="java.lang.NullPointerException" message="Cannot invoke &amp;quot;com.ohrm.pages.LoginPage.loginApplication(String, String)&amp;quot; because &amp;quot;this.loginPage&amp;quot; is null">
      <![CDATA[java.lang.NullPointerException: Cannot invoke "com.ohrm.pages.LoginPage.loginApplication(String, String)" because "this.loginPage" is null
	at com.ohrm.tests.LoginTest.loginTest_MissingCreds(LoginTest.java:38)
	at java.base/java.util.concurrent.ThreadPoolExecutor.runWorker(ThreadPoolExecutor.java:1136)
	at java.base/java.util.concurrent.ThreadPoolExecutor$Worker.run(ThreadPoolExecutor.java:635)
	at java.base/java.lang.Thread.run(Thread.java:840)
... Removed 10 stack frames]]>
    </failure>
  </testcase> <!-- loginTest_MissingCreds -->
  <testcase classname="com.ohrm.tests.LoginTest" name="loginTest_MissingCreds" time="0.004">
    <failure type="java.lang.NullPointerException" message="Cannot invoke &amp;quot;com.ohrm.pages.LoginPage.loginApplication(String, String)&amp;quot; because &amp;quot;this.loginPage&amp;quot; is null">
      <![CDATA[java.lang.NullPointerException: Cannot invoke "com.ohrm.pages.LoginPage.loginApplication(String, String)" because "this.loginPage" is null
	at com.ohrm.tests.LoginTest.loginTest_MissingCreds(LoginTest.java:38)
	at java.base/java.util.concurrent.ThreadPoolExecutor.runWorker(ThreadPoolExecutor.java:1136)
	at java.base/java.util.concurrent.ThreadPoolExecutor$Worker.run(ThreadPoolExecutor.java:635)
	at java.base/java.lang.Thread.run(Thread.java:840)
... Removed 10 stack frames]]>
    </failure>
  </testcase> <!-- loginTest_MissingCreds -->
  <testcase classname="com.ohrm.tests.LoginTest" name="loginTest_MissingCreds" time="0.005">
    <failure type="java.lang.NullPointerException" message="Cannot invoke &amp;quot;com.ohrm.pages.LoginPage.loginApplication(String, String)&amp;quot; because &amp;quot;this.loginPage&amp;quot; is null">
      <![CDATA[java.lang.NullPointerException: Cannot invoke "com.ohrm.pages.LoginPage.loginApplication(String, String)" because "this.loginPage" is null
	at com.ohrm.tests.LoginTest.loginTest_MissingCreds(LoginTest.java:38)
	at java.base/java.util.concurrent.ThreadPoolExecutor.runWorker(ThreadPoolExecutor.java:1136)
	at java.base/java.util.concurrent.ThreadPoolExecutor$Worker.run(ThreadPoolExecutor.java:635)
	at java.base/java.lang.Thread.run(Thread.java:840)
... Removed 10 stack frames]]>
    </failure>
  </testcase> <!-- loginTest_MissingCreds -->
</testsuite> <!-- Test -->
