<?xml version="1.0" encoding="UTF-8"?>
<testng-results total="3" passed="3" failed="0" skipped="0">
  <reporter-output>
  </reporter-output>
  <suite started-at="2024-03-14T06:56:02Z" name="Sanity-Suite" finished-at="2024-03-14T06:56:38Z" duration-ms="35269">
    <groups>
      <group name="Smoke">
        <method signature="LoginTest.loginTest_ValidInvalidCreds(java.lang.String, java.lang.String, java.lang.String)[pri:1, instance:com.ohrm.tests.LoginTest@558bdf1f]" name="loginTest_ValidInvalidCreds" class="com.ohrm.tests.LoginTest"/>
        <method signature="LogoutTest.logoutTest()[pri:1, instance:com.ohrm.tests.LogoutTest@61fe30]" name="logoutTest" class="com.ohrm.tests.LogoutTest"/>
      </group> <!-- Smoke -->
    </groups>
    <test started-at="2024-03-14T06:56:02Z" name="Logout" finished-at="2024-03-14T06:56:33Z" duration-ms="30795">
      <class name="com.ohrm.tests.LogoutTest">
        <test-method is-config="true" signature="setUp()[pri:0, instance:com.ohrm.tests.LogoutTest@61fe30]" started-at="2024-03-14T12:26:02Z" name="setUp" finished-at="2024-03-14T12:26:17Z" duration-ms="14379" status="PASS">
          <reporter-output>
          </reporter-output>
        </test-method> <!-- setUp -->
        <test-method signature="logoutTest()[pri:1, instance:com.ohrm.tests.LogoutTest@61fe30]" started-at="2024-03-14T12:26:17Z" name="logoutTest" finished-at="2024-03-14T12:26:33Z" duration-ms="15618" status="PASS">
          <reporter-output>
          </reporter-output>
        </test-method> <!-- logoutTest -->
        <test-method is-config="true" signature="tearDown()[pri:0, instance:com.ohrm.tests.LogoutTest@61fe30]" started-at="2024-03-14T12:26:33Z" name="tearDown" finished-at="2024-03-14T12:26:33Z" duration-ms="730" status="PASS">
          <reporter-output>
          </reporter-output>
        </test-method> <!-- tearDown -->
      </class> <!-- com.ohrm.tests.LogoutTest -->
    </test> <!-- Logout -->
    <test started-at="2024-03-14T06:56:02Z" name="Login" finished-at="2024-03-14T06:56:38Z" duration-ms="35269">
      <class name="com.ohrm.tests.LoginTest">
        <test-method is-config="true" signature="setUp()[pri:0, instance:com.ohrm.tests.LoginTest@558bdf1f]" started-at="2024-03-14T12:26:02Z" name="setUp" finished-at="2024-03-14T12:26:17Z" duration-ms="14400" status="PASS">
          <reporter-output>
          </reporter-output>
        </test-method> <!-- setUp -->
        <test-method signature="loginTest_ValidInvalidCreds(java.lang.String, java.lang.String, java.lang.String)[pri:1, instance:com.ohrm.tests.LoginTest@558bdf1f]" started-at="2024-03-14T12:26:20Z" name="loginTest_ValidInvalidCreds" data-provider="loginValidInvalidCredsProvider" finished-at="2024-03-14T12:26:28Z" duration-ms="7477" status="PASS">
          <params>
            <param index="0">
              <value>
                <![CDATA[admin]]>
              </value>
            </param>
            <param index="1">
              <value>
                <![CDATA[admin1234]]>
              </value>
            </param>
            <param index="2">
              <value>
                <![CDATA[false]]>
              </value>
            </param>
          </params>
          <reporter-output>
          </reporter-output>
        </test-method> <!-- loginTest_ValidInvalidCreds -->
        <test-method signature="loginTest_ValidInvalidCreds(java.lang.String, java.lang.String, java.lang.String)[pri:1, instance:com.ohrm.tests.LoginTest@558bdf1f]" started-at="2024-03-14T12:26:28Z" name="loginTest_ValidInvalidCreds" data-provider="loginValidInvalidCredsProvider" finished-at="2024-03-14T12:26:37Z" duration-ms="9503" status="PASS">
          <params>
            <param index="0">
              <value>
                <![CDATA[Admin]]>
              </value>
            </param>
            <param index="1">
              <value>
                <![CDATA[admin123]]>
              </value>
            </param>
            <param index="2">
              <value>
                <![CDATA[true]]>
              </value>
            </param>
          </params>
          <reporter-output>
          </reporter-output>
        </test-method> <!-- loginTest_ValidInvalidCreds -->
        <test-method is-config="true" signature="tearDown()[pri:0, instance:com.ohrm.tests.LoginTest@558bdf1f]" started-at="2024-03-14T12:26:37Z" name="tearDown" finished-at="2024-03-14T12:26:38Z" duration-ms="704" status="PASS">
          <reporter-output>
          </reporter-output>
        </test-method> <!-- tearDown -->
      </class> <!-- com.ohrm.tests.LoginTest -->
    </test> <!-- Login -->
  </suite> <!-- Sanity-Suite -->
</testng-results>
