<?xml version="1.0" encoding="UTF-8"?>
<testng-results total="3" passed="3" failed="0" skipped="0">
  <reporter-output>
  </reporter-output>
  <suite started-at="2024-03-14T16:22:31Z" name="Sanity-Suite" finished-at="2024-03-14T16:23:08Z" duration-ms="37274">
    <groups>
      <group name="Smoke">
        <method signature="LoginTest.loginTest_ValidInvalidCreds(java.lang.String, java.lang.String, java.lang.String)[pri:1, instance:com.ohrm.tests.LoginTest@558bdf1f]" name="loginTest_ValidInvalidCreds" class="com.ohrm.tests.LoginTest"/>
        <method signature="LogoutTest.logoutTest()[pri:1, instance:com.ohrm.tests.LogoutTest@61fe30]" name="logoutTest" class="com.ohrm.tests.LogoutTest"/>
      </group> <!-- Smoke -->
    </groups>
    <test started-at="2024-03-14T16:22:31Z" name="Logout" finished-at="2024-03-14T16:23:04Z" duration-ms="33561">
      <class name="com.ohrm.tests.LogoutTest">
        <test-method is-config="true" signature="setUp()[pri:0, instance:com.ohrm.tests.LogoutTest@61fe30]" started-at="2024-03-14T21:52:31Z" name="setUp" finished-at="2024-03-14T21:52:41Z" duration-ms="10256" status="PASS">
          <reporter-output>
          </reporter-output>
        </test-method> <!-- setUp -->
        <test-method signature="logoutTest()[pri:1, instance:com.ohrm.tests.LogoutTest@61fe30]" started-at="2024-03-14T21:52:41Z" name="logoutTest" finished-at="2024-03-14T21:53:04Z" duration-ms="22535" status="PASS">
          <reporter-output>
          </reporter-output>
        </test-method> <!-- logoutTest -->
        <test-method is-config="true" signature="tearDown()[pri:0, instance:com.ohrm.tests.LogoutTest@61fe30]" started-at="2024-03-14T21:53:04Z" name="tearDown" finished-at="2024-03-14T21:53:04Z" duration-ms="682" status="PASS">
          <reporter-output>
          </reporter-output>
        </test-method> <!-- tearDown -->
      </class> <!-- com.ohrm.tests.LogoutTest -->
    </test> <!-- Logout -->
    <test started-at="2024-03-14T16:22:31Z" name="Login" finished-at="2024-03-14T16:23:08Z" duration-ms="37274">
      <class name="com.ohrm.tests.LoginTest">
        <test-method is-config="true" signature="setUp()[pri:0, instance:com.ohrm.tests.LoginTest@558bdf1f]" started-at="2024-03-14T21:52:31Z" name="setUp" finished-at="2024-03-14T21:52:53Z" duration-ms="22014" status="PASS">
          <reporter-output>
          </reporter-output>
        </test-method> <!-- setUp -->
        <test-method signature="loginTest_ValidInvalidCreds(java.lang.String, java.lang.String, java.lang.String)[pri:1, instance:com.ohrm.tests.LoginTest@558bdf1f]" started-at="2024-03-14T21:52:57Z" name="loginTest_ValidInvalidCreds" data-provider="loginValidInvalidCredsProvider" finished-at="2024-03-14T21:53:00Z" duration-ms="3660" status="PASS">
          <params>
            <param index="0">
              <value>
                <![CDATA[admin]]>
              </value>
            </param>
            <param index="1">
              <value>
                <![CDATA[admin1234]]>
              </value>
            </param>
            <param index="2">
              <value>
                <![CDATA[false]]>
              </value>
            </param>
          </params>
          <reporter-output>
          </reporter-output>
        </test-method> <!-- loginTest_ValidInvalidCreds -->
        <test-method signature="loginTest_ValidInvalidCreds(java.lang.String, java.lang.String, java.lang.String)[pri:1, instance:com.ohrm.tests.LoginTest@558bdf1f]" started-at="2024-03-14T21:53:00Z" name="loginTest_ValidInvalidCreds" data-provider="loginValidInvalidCredsProvider" finished-at="2024-03-14T21:53:07Z" duration-ms="7060" status="PASS">
          <params>
            <param index="0">
              <value>
                <![CDATA[Admin]]>
              </value>
            </param>
            <param index="1">
              <value>
                <![CDATA[admin123]]>
              </value>
            </param>
            <param index="2">
              <value>
                <![CDATA[true]]>
              </value>
            </param>
          </params>
          <reporter-output>
          </reporter-output>
        </test-method> <!-- loginTest_ValidInvalidCreds -->
        <test-method is-config="true" signature="tearDown()[pri:0, instance:com.ohrm.tests.LoginTest@558bdf1f]" started-at="2024-03-14T21:53:07Z" name="tearDown" finished-at="2024-03-14T21:53:08Z" duration-ms="699" status="PASS">
          <reporter-output>
          </reporter-output>
        </test-method> <!-- tearDown -->
      </class> <!-- com.ohrm.tests.LoginTest -->
    </test> <!-- Login -->
  </suite> <!-- Sanity-Suite -->
</testng-results>
